#
# There is insufficient memory for the Java Runtime Environment to continue.
# Native memory allocation (malloc) failed to allocate 32744 bytes for ChunkPool::allocate
# Possible reasons:
#   The system is out of physical RAM or swap space
#   In 32 bit mode, the process size limit was hit
# Possible solutions:
#   Reduce memory load on the system
#   Increase physical memory or swap space
#   Check if swap backing store is full
#   Use 64 bit Java on a 64 bit OS
#   Decrease Java heap size (-Xmx/-Xms)
#   Decrease number of Java threads
#   Decrease Java thread stack sizes (-Xss)
#   Set larger code cache with -XX:ReservedCodeCacheSize=
# This output file may be truncated or incomplete.
#
#  Out of Memory Error (allocation.cpp:273), pid=76652, tid=76824
#
# JRE version: Java(TM) SE Runtime Environment (8.0_91-b15) (build 1.8.0_91-b15)
# Java VM: Java HotSpot(TM) 64-Bit Server VM (25.91-b15 mixed mode windows-amd64 compressed oops)
# Failed to write core dump. Minidumps are not enabled by default on client versions of Windows
#

---------------  T H R E A D  ---------------

Current thread (0x00000000565b9800):  JavaThread "C2 CompilerThread1" daemon [_thread_in_native, id=76824, stack(0x0000000057100000,0x0000000057200000)]

Stack: [0x0000000057100000,0x0000000057200000]
[error occurred during error reporting (printing stack bounds), id 0xc0000005]

Native frames: (J=compiled Java code, j=interpreted, Vv=VM code, C=native code)


Current CompileTask:
C2:3317654 14112       4       org.gradle.logging.internal.AbstractLineChoppingStyledTextOutput::doAppend (142 bytes)


---------------  P R O C E S S  ---------------

Java Threads: ( => current thread )
  0x000000005767d000 JavaThread "Forward streams with process: command 'C:\Program Files\Java\jdk1.8.0_91\bin\java.exe' Thread 3" [_thread_blocked, id=86176, stack(0x0000000064270000,0x0000000064370000)]
  0x000000005bad2800 JavaThread "Forward streams with process: command 'C:\Program Files\Java\jdk1.8.0_91\bin\java.exe' Thread 3" [_thread_blocked, id=86368, stack(0x0000000064060000,0x0000000064160000)]
  0x000000005bad0800 JavaThread "Forward streams with process: command 'C:\Program Files\Java\jdk1.8.0_91\bin\java.exe' Thread 2" [_thread_blocked, id=86448, stack(0x00000000638c0000,0x00000000639c0000)]
  0x000000005bad4000 JavaThread "Forward streams with process: command 'C:\Program Files\Java\jdk1.8.0_91\bin\java.exe'" [_thread_blocked, id=86560, stack(0x0000000063da0000,0x0000000063ea0000)]
  0x000000005bad1000 JavaThread "Forward streams with process: command 'C:\Program Files\Java\jdk1.8.0_91\bin\java.exe' Thread 2" [_thread_blocked, id=86432, stack(0x00000000630c0000,0x00000000631c0000)]
  0x000000005bad3800 JavaThread "Forward streams with process: command 'C:\Program Files\Java\jdk1.8.0_91\bin\java.exe'" [_thread_blocked, id=87008, stack(0x00000000639e0000,0x0000000063ae0000)]
  0x000000005bad5800 JavaThread "Run command 'C:\Program Files\Java\jdk1.8.0_91\bin\java.exe'" [_thread_blocked, id=86956, stack(0x0000000063760000,0x0000000063860000)]
  0x000000005bad5000 JavaThread "Run command 'C:\Program Files\Java\jdk1.8.0_91\bin\java.exe'" [_thread_blocked, id=84620, stack(0x0000000063660000,0x0000000063760000)]
  0x0000000057680800 JavaThread "Forward streams with process: command 'C:\Program Files\Java\jdk1.8.0_91\bin\java.exe' Thread 3" [_thread_blocked, id=86056, stack(0x0000000064470000,0x0000000064570000)]
  0x000000005767f000 JavaThread "Forward streams with process: command 'C:\Program Files\Java\jdk1.8.0_91\bin\java.exe' Thread 2" [_thread_blocked, id=86340, stack(0x00000000646f0000,0x00000000647f0000)]
  0x000000005767e800 JavaThread "Forward streams with process: command 'C:\Program Files\Java\jdk1.8.0_91\bin\java.exe'" [_thread_blocked, id=86112, stack(0x0000000064580000,0x0000000064680000)]
  0x000000005767d800 JavaThread "Run command 'C:\Program Files\Java\jdk1.8.0_91\bin\java.exe'" [_thread_blocked, id=86472, stack(0x00000000632c0000,0x00000000633c0000)]
  0x0000000057683000 JavaThread "Forward streams with process: command 'C:\Program Files\Java\jdk1.8.0_91\bin\java.exe' Thread 3" [_thread_blocked, id=86036, stack(0x0000000064cd0000,0x0000000064dd0000)]
  0x0000000057682000 JavaThread "Forward streams with process: command 'C:\Program Files\Java\jdk1.8.0_91\bin\java.exe' Thread 2" [_thread_blocked, id=86128, stack(0x0000000064b20000,0x0000000064c20000)]
  0x0000000057681800 JavaThread "Forward streams with process: command 'C:\Program Files\Java\jdk1.8.0_91\bin\java.exe'" [_thread_blocked, id=86712, stack(0x0000000064970000,0x0000000064a70000)]
  0x0000000057680000 JavaThread "Run command 'C:\Program Files\Java\jdk1.8.0_91\bin\java.exe'" [_thread_blocked, id=85876, stack(0x0000000063f20000,0x0000000064020000)]
  0x000000005bacf800 JavaThread "pool-3-thread-3" [_thread_blocked, id=86332, stack(0x0000000063450000,0x0000000063550000)]
  0x000000005bacf000 JavaThread "pool-3-thread-2" [_thread_blocked, id=86328, stack(0x00000000631c0000,0x00000000632c0000)]
  0x000000005a3cc000 JavaThread "pool-3-thread-4" [_thread_blocked, id=86336, stack(0x0000000061810000,0x0000000061910000)]
  0x000000005a3cd000 JavaThread "pool-3-thread-1" [_thread_blocked, id=86348, stack(0x0000000059570000,0x0000000059670000)]
  0x000000005a3cd800 JavaThread "pool-2-thread-4" [_thread_blocked, id=80900, stack(0x0000000061b80000,0x0000000061c80000)]
  0x000000005a3c7800 JavaThread "pool-2-thread-3" [_thread_blocked, id=86208, stack(0x000000005f240000,0x000000005f340000)]
  0x000000005a3d0000 JavaThread "pool-2-thread-2" [_thread_blocked, id=86188, stack(0x0000000059980000,0x0000000059a80000)]
  0x000000005a3cf000 JavaThread "pool-2-thread-1" [_thread_blocked, id=86184, stack(0x000000005e8b0000,0x000000005e9b0000)]
  0x000000005a3c4800 JavaThread "Daemon worker Thread 3" [_thread_blocked, id=83488, stack(0x0000000059850000,0x0000000059950000)]
  0x000000005a3c3800 JavaThread "Cancel handler" [_thread_blocked, id=82820, stack(0x00000000596c0000,0x00000000597c0000)]
  0x000000005a3c5000 JavaThread "Handler for socket connection from /127.0.0.1:50864 to /127.0.0.1:51082" [_thread_in_native, id=83196, stack(0x00000000593d0000,0x00000000594d0000)]
  0x000000005a3c0800 JavaThread "Daemon Thread 3" [_thread_blocked, id=83260, stack(0x0000000057d60000,0x0000000057e60000)]
  0x0000000058e1b000 JavaThread "File lock request listener" [_thread_in_native, id=77592, stack(0x000000005b100000,0x000000005b200000)]
  0x00000000576bd000 JavaThread "Incoming local TCP Connector on port 50864" [_thread_in_native, id=77260, stack(0x0000000058000000,0x0000000058100000)]
  0x0000000056649000 JavaThread "Service Thread" daemon [_thread_blocked, id=76832, stack(0x0000000056fb0000,0x00000000570b0000)]
  0x00000000565bb000 JavaThread "C1 CompilerThread2" daemon [_thread_blocked, id=76828, stack(0x0000000057330000,0x0000000057430000)]
=>0x00000000565b9800 JavaThread "C2 CompilerThread1" daemon [_thread_in_native, id=76824, stack(0x0000000057100000,0x0000000057200000)]
  0x00000000565b4000 JavaThread "C2 CompilerThread0" daemon [_thread_blocked, id=76820, stack(0x0000000056e90000,0x0000000056f90000)]
  0x000000005546b800 JavaThread "Attach Listener" daemon [_thread_blocked, id=76816, stack(0x0000000056ca0000,0x0000000056da0000)]
  0x000000005545e800 JavaThread "Signal Dispatcher" daemon [_thread_blocked, id=76812, stack(0x0000000056ab0000,0x0000000056bb0000)]
  0x000000005544a000 JavaThread "Finalizer" daemon [_thread_blocked, id=76044, stack(0x0000000056250000,0x0000000056350000)]
  0x0000000055402800 JavaThread "Reference Handler" daemon [_thread_blocked, id=76176, stack(0x00000000564b0000,0x00000000565b0000)]
  0x00000000001fe800 JavaThread "main" [_thread_blocked, id=75728, stack(0x0000000002610000,0x0000000002710000)]

Other Threads:
  0x00000000553fb000 VMThread [stack: 0x0000000056380000,0x0000000056480000] [id=74608]
  0x0000000056656000 WatcherThread [stack: 0x0000000057460000,0x0000000057560000] [id=76836]

VM state:synchronizing (normal execution)

VM Mutex/Monitor currently owned by a thread:  ([mutex/lock_event])
[0x00000000001fcea0] Safepoint_lock - owner thread: 0x00000000553fb000
[0x00000000001fcf20] Threads_lock - owner thread: 0x00000000553fb000

Heap:
 PSYoungGen      total 320000K, used 250199K [0x00000000eab00000, 0x0000000100000000, 0x0000000100000000)
  eden space 301568K, 76% used [0x00000000eab00000,0x00000000f8d8f4e8,0x00000000fd180000)
  from space 18432K, 98% used [0x00000000fd180000,0x00000000fe346ad8,0x00000000fe380000)
  to   space 25600K, 0% used [0x00000000fe700000,0x00000000fe700000,0x0000000100000000)
 ParOldGen       total 101376K, used 26495K [0x00000000c0000000, 0x00000000c6300000, 0x00000000eab00000)
  object space 101376K, 26% used [0x00000000c0000000,0x00000000c19dfd40,0x00000000c6300000)
 Metaspace       used 63464K, capacity 64888K, committed 66304K, reserved 1105920K
  class space    used 8224K, capacity 8590K, committed 8960K, reserved 1048576K

Card table byte_map: [0x0000000011da0000,0x0000000011fb0000] byte_map_base: 0x00000000117a0000

Marking Bits: (ParMarkBitMap*) 0x000000006ce12f70
 Begin Bits: [0x0000000012870000, 0x0000000013870000)
 End Bits:   [0x0000000013870000, 0x0000000014870000)

Polling page: 0x0000000000140000

CodeCache: size=245760Kb used=40458Kb max_used=40942Kb free=205301Kb
 bounds [0x00000000029e0000, 0x0000000005230000, 0x00000000119e0000]
 total_blobs=11800 nmethods=11025 adapters=686
 compilation: enabled

Compilation events (10 events):
Event: 3305.425 Thread 0x00000000565bb000 14108       1       java.lang.StackTraceElement::getFileName (5 bytes)
Event: 3305.426 Thread 0x00000000565bb000 nmethod 14108 0x0000000004ed8c90 code [0x0000000004ed8de0, 0x0000000004ed8ef0]
Event: 3308.515 Thread 0x00000000565bb000 14109       1       java.lang.StackTraceElement::getClassName (5 bytes)
Event: 3308.515 Thread 0x00000000565bb000 nmethod 14109 0x00000000045dafd0 code [0x00000000045db120, 0x00000000045db230]
Event: 3308.569 Thread 0x00000000565bb000 14110       3       org.codehaus.groovy.runtime.StackTraceUtils::isApplicationClass (84 bytes)
Event: 3309.727 Thread 0x00000000565bb000 nmethod 14110 0x00000000038fd2d0 code [0x00000000038fd4c0, 0x00000000038fddb8]
Event: 3315.162 Thread 0x00000000565b9800 14112       4       org.gradle.logging.internal.AbstractLineChoppingStyledTextOutput::doAppend (142 bytes)
Event: 3315.169 Thread 0x00000000565bb000 14113       3       org.gradle.logging.internal.AbstractStyledTextOutput::doStyleChange (1 bytes)
Event: 3315.169 Thread 0x00000000565bb000 nmethod 14113 0x0000000004e62950 code [0x0000000004e62aa0, 0x0000000004e62bf0]
Event: 3315.173 Thread 0x00000000565bb000 14111       3       org.gradle.logging.internal.AbstractStyledTextOutput::println (13 bytes)

GC Heap History (10 events):
Event: 845.961 GC heap before
{Heap before GC invocations=23 (full 4):
 PSYoungGen      total 323072K, used 304949K [0x00000000eab00000, 0x0000000100000000, 0x0000000100000000)
  eden space 301056K, 100% used [0x00000000eab00000,0x00000000fd100000,0x00000000fd100000)
  from space 22016K, 17% used [0x00000000fea80000,0x00000000fee4d550,0x0000000100000000)
  to   space 24064K, 0% used [0x00000000fd100000,0x00000000fd100000,0x00000000fe880000)
 ParOldGen       total 71168K, used 58003K [0x00000000c0000000, 0x00000000c4580000, 0x00000000eab00000)
  object space 71168K, 81% used [0x00000000c0000000,0x00000000c38a4ec8,0x00000000c4580000)
 Metaspace       used 57818K, capacity 59672K, committed 60032K, reserved 1101824K
  class space    used 7700K, capacity 8194K, committed 8320K, reserved 1048576K
Event: 846.098 GC heap after
Heap after GC invocations=23 (full 4):
 PSYoungGen      total 325120K, used 11424K [0x00000000eab00000, 0x0000000100000000, 0x0000000100000000)
  eden space 301056K, 0% used [0x00000000eab00000,0x00000000eab00000,0x00000000fd100000)
  from space 24064K, 47% used [0x00000000fd100000,0x00000000fdc28000,0x00000000fe880000)
  to   space 23552K, 0% used [0x00000000fe900000,0x00000000fe900000,0x0000000100000000)
 ParOldGen       total 71168K, used 60113K [0x00000000c0000000, 0x00000000c4580000, 0x00000000eab00000)
  object space 71168K, 84% used [0x00000000c0000000,0x00000000c3ab4400,0x00000000c4580000)
 Metaspace       used 57818K, capacity 59672K, committed 60032K, reserved 1101824K
  class space    used 7700K, capacity 8194K, committed 8320K, reserved 1048576K
}
Event: 846.205 GC heap before
{Heap before GC invocations=24 (full 5):
 PSYoungGen      total 325120K, used 11424K [0x00000000eab00000, 0x0000000100000000, 0x0000000100000000)
  eden space 301056K, 0% used [0x00000000eab00000,0x00000000eab00000,0x00000000fd100000)
  from space 24064K, 47% used [0x00000000fd100000,0x00000000fdc28000,0x00000000fe880000)
  to   space 23552K, 0% used [0x00000000fe900000,0x00000000fe900000,0x0000000100000000)
 ParOldGen       total 71168K, used 60113K [0x00000000c0000000, 0x00000000c4580000, 0x00000000eab00000)
  object space 71168K, 84% used [0x00000000c0000000,0x00000000c3ab4400,0x00000000c4580000)
 Metaspace       used 57818K, capacity 59672K, committed 60032K, reserved 1101824K
  class space    used 7700K, capacity 8194K, committed 8320K, reserved 1048576K
Event: 962.210 GC heap after
Heap after GC invocations=24 (full 5):
 PSYoungGen      total 325120K, used 0K [0x00000000eab00000, 0x0000000100000000, 0x0000000100000000)
  eden space 301056K, 0% used [0x00000000eab00000,0x00000000eab00000,0x00000000fd100000)
  from space 24064K, 0% used [0x00000000fd100000,0x00000000fd100000,0x00000000fe880000)
  to   space 23552K, 0% used [0x00000000fe900000,0x00000000fe900000,0x0000000100000000)
 ParOldGen       total 101376K, used 67933K [0x00000000c0000000, 0x00000000c6300000, 0x00000000eab00000)
  object space 101376K, 67% used [0x00000000c0000000,0x00000000c4257648,0x00000000c6300000)
 Metaspace       used 57818K, capacity 59672K, committed 60032K, reserved 1101824K
  class space    used 7700K, capacity 8194K, committed 8320K, reserved 1048576K
}
Event: 1167.400 GC heap before
{Heap before GC invocations=25 (full 5):
 PSYoungGen      total 325120K, used 114544K [0x00000000eab00000, 0x0000000100000000, 0x0000000100000000)
  eden space 301056K, 38% used [0x00000000eab00000,0x00000000f1adc140,0x00000000fd100000)
  from space 24064K, 0% used [0x00000000fd100000,0x00000000fd100000,0x00000000fe880000)
  to   space 23552K, 0% used [0x00000000fe900000,0x00000000fe900000,0x0000000100000000)
 ParOldGen       total 101376K, used 67933K [0x00000000c0000000, 0x00000000c6300000, 0x00000000eab00000)
  object space 101376K, 67% used [0x00000000c0000000,0x00000000c4257648,0x00000000c6300000)
 Metaspace       used 58471K, capacity 60366K, committed 60544K, reserved 1101824K
  class space    used 7787K, capacity 8267K, committed 8320K, reserved 1048576K
Event: 1168.230 GC heap after
Heap after GC invocations=25 (full 5):
 PSYoungGen      total 324608K, used 1309K [0x00000000eab00000, 0x00000000fff80000, 0x0000000100000000)
  eden space 301568K, 0% used [0x00000000eab00000,0x00000000eab00000,0x00000000fd180000)
  from space 23040K, 5% used [0x00000000fe900000,0x00000000fea47768,0x00000000fff80000)
  to   space 23552K, 0% used [0x00000000fd180000,0x00000000fd180000,0x00000000fe880000)
 ParOldGen       total 101376K, used 67941K [0x00000000c0000000, 0x00000000c6300000, 0x00000000eab00000)
  object space 101376K, 67% used [0x00000000c0000000,0x00000000c4259648,0x00000000c6300000)
 Metaspace       used 58471K, capacity 60366K, committed 60544K, reserved 1101824K
  class space    used 7787K, capacity 8267K, committed 8320K, reserved 1048576K
}
Event: 1168.230 GC heap before
{Heap before GC invocations=26 (full 6):
 PSYoungGen      total 324608K, used 1309K [0x00000000eab00000, 0x00000000fff80000, 0x0000000100000000)
  eden space 301568K, 0% used [0x00000000eab00000,0x00000000eab00000,0x00000000fd180000)
  from space 23040K, 5% used [0x00000000fe900000,0x00000000fea47768,0x00000000fff80000)
  to   space 23552K, 0% used [0x00000000fd180000,0x00000000fd180000,0x00000000fe880000)
 ParOldGen       total 101376K, used 67941K [0x00000000c0000000, 0x00000000c6300000, 0x00000000eab00000)
  object space 101376K, 67% used [0x00000000c0000000,0x00000000c4259648,0x00000000c6300000)
 Metaspace       used 58471K, capacity 60366K, committed 60544K, reserved 1101824K
  class space    used 7787K, capacity 8267K, committed 8320K, reserved 1048576K
Event: 1170.245 GC heap after
Heap after GC invocations=26 (full 6):
 PSYoungGen      total 324608K, used 0K [0x00000000eab00000, 0x00000000fff80000, 0x0000000100000000)
  eden space 301568K, 0% used [0x00000000eab00000,0x00000000eab00000,0x00000000fd180000)
  from space 23040K, 0% used [0x00000000fe900000,0x00000000fe900000,0x00000000fff80000)
  to   space 23552K, 0% used [0x00000000fd180000,0x00000000fd180000,0x00000000fe880000)
 ParOldGen       total 101376K, used 26487K [0x00000000c0000000, 0x00000000c6300000, 0x00000000eab00000)
  object space 101376K, 26% used [0x00000000c0000000,0x00000000c19ddd40,0x00000000c6300000)
 Metaspace       used 56878K, capacity 57868K, committed 60544K, reserved 1101824K
  class space    used 7423K, capacity 7654K, committed 8320K, reserved 1048576K
}
Event: 2450.327 GC heap before
{Heap before GC invocations=27 (full 6):
 PSYoungGen      total 324608K, used 301568K [0x00000000eab00000, 0x00000000fff80000, 0x0000000100000000)
  eden space 301568K, 100% used [0x00000000eab00000,0x00000000fd180000,0x00000000fd180000)
  from space 23040K, 0% used [0x00000000fe900000,0x00000000fe900000,0x00000000fff80000)
  to   space 23552K, 0% used [0x00000000fd180000,0x00000000fd180000,0x00000000fe880000)
 ParOldGen       total 101376K, used 26487K [0x00000000c0000000, 0x00000000c6300000, 0x00000000eab00000)
  object space 101376K, 26% used [0x00000000c0000000,0x00000000c19ddd40,0x00000000c6300000)
 Metaspace       used 57521K, capacity 58916K, committed 60544K, reserved 1101824K
  class space    used 7545K, capacity 7868K, committed 8320K, reserved 1048576K
Event: 2492.433 GC heap after
Heap after GC invocations=27 (full 6):
 PSYoungGen      total 320000K, used 18202K [0x00000000eab00000, 0x0000000100000000, 0x0000000100000000)
  eden space 301568K, 0% used [0x00000000eab00000,0x00000000eab00000,0x00000000fd180000)
  from space 18432K, 98% used [0x00000000fd180000,0x00000000fe346ad8,0x00000000fe380000)
  to   space 25600K, 0% used [0x00000000fe700000,0x00000000fe700000,0x0000000100000000)
 ParOldGen       total 101376K, used 26495K [0x00000000c0000000, 0x00000000c6300000, 0x00000000eab00000)
  object space 101376K, 26% used [0x00000000c0000000,0x00000000c19dfd40,0x00000000c6300000)
 Metaspace       used 57521K, capacity 58916K, committed 60544K, reserved 1101824K
  class space    used 7545K, capacity 7868K, committed 8320K, reserved 1048576K
}

Deoptimization events (10 events):
Event: 3052.869 Thread 0x000000005a3c4800 Uncommon trap: reason=unstable_if action=reinterpret pc=0x00000000041c5eac method=java.io.ObjectOutputStream$BlockDataOutputStream.writeBytes(Ljava/lang/String;)V @ 22
Event: 3113.574 Thread 0x000000005a3c7800 Uncommon trap: reason=class_check action=maybe_recompile pc=0x00000000034954a8 method=com.google.common.base.Joiner.toString(Ljava/lang/Object;)Ljava/lang/CharSequence; @ 6
Event: 3113.574 Thread 0x000000005a3d0000 Uncommon trap: reason=class_check action=maybe_recompile pc=0x00000000034954a8 method=com.google.common.base.Joiner.toString(Ljava/lang/Object;)Ljava/lang/CharSequence; @ 6
Event: 3113.574 Thread 0x000000005a3cd800 Uncommon trap: reason=class_check action=maybe_recompile pc=0x00000000034954a8 method=com.google.common.base.Joiner.toString(Ljava/lang/Object;)Ljava/lang/CharSequence; @ 6
Event: 3113.574 Thread 0x000000005a3cf000 Uncommon trap: reason=class_check action=maybe_recompile pc=0x00000000034954a8 method=com.google.common.base.Joiner.toString(Ljava/lang/Object;)Ljava/lang/CharSequence; @ 6
Event: 3122.226 Thread 0x000000005bacf000 Uncommon trap: reason=unstable_if action=reinterpret pc=0x0000000004531aec method=java.io.WinNTFileSystem.resolve(Ljava/lang/String;Ljava/lang/String;)Ljava/lang/String; @ 36
Event: 3213.058 Thread 0x000000005a3d0000 Uncommon trap: reason=null_assert action=make_not_entrant pc=0x0000000003b3bb5c method=java.util.zip.ZipEntry.setExtra0([BZ)V @ 269
Event: 3213.074 Thread 0x000000005bacf000 Uncommon trap: reason=unstable_if action=reinterpret pc=0x0000000003b5161c method=java.io.ExpiringCache.put(Ljava/lang/String;Ljava/lang/String;)V @ 29
Event: 3308.412 Thread 0x000000005a3c4800 Uncommon trap: reason=unstable_if action=reinterpret pc=0x00000000046ad234 method=java.util.regex.Pattern.split(Ljava/lang/CharSequence;I)[Ljava/lang/String; @ 255
Event: 3314.284 Thread 0x000000005a3c4800 Uncommon trap: reason=bimorphic action=maybe_recompile pc=0x000000000468aa0c method=org.gradle.logging.internal.AbstractStyledTextOutput.text(Ljava/lang/Object;)Lorg/gradle/logging/StyledTextOutput; @ 11

Internal exceptions (10 events):
Event: 2064.597 Thread 0x000000005a3c4800 Implicit null exception at 0x0000000003fef067 to 0x0000000003ff5b99
Event: 2084.803 Thread 0x000000005a3c4800 Exception <a 'java/lang/ClassNotFoundException': groovy/runtime/metaclass/[Ljava/lang/String;MetaClass> (0x00000000f22f21f0) thrown at [C:\re\workspace\8-2-build-windows-amd64-cygwin\jdk8u91\7017\hotspot\src\share\vm\prims\jni.cpp, line 735]
Event: 2251.873 Thread 0x000000005a3c4800 Implicit null exception at 0x0000000004bbfd5d to 0x0000000004bbffd0
Event: 2251.911 Thread 0x000000005a3c4800 Implicit null exception at 0x00000000046e183b to 0x00000000046e1974
Event: 2518.656 Thread 0x000000005a3c4800 Exception <a 'java/lang/ClassNotFoundException': org/gradle/api/internal/file/collections/DefaultConfigurableFileCollectionBeanInfo> (0x00000000eb43bf70) thrown at [C:\re\workspace\8-2-build-windows-amd64-cygwin\jdk8u91\7017\hotspot\src\share\vm\classfile\¸0√ı∆≠£@
Event: 2518.889 Thread 0x000000005a3c4800 Exception <a 'java/lang/ClassNotFoundException': org/gradle/api/internal/file/collections/DefaultConfigurableFileCollectionCustomizer> (0x00000000eb44f9b8) thrown at [C:\re\workspace\8-2-build-windows-amd64-cygwin\jdk8u91\7017\hotspot\src\share\vm\classfilÏóeÁ®è•@
Event: 2759.830 Thread 0x000000005a3c4800 Implicit null exception at 0x00000000038e68fb to 0x00000000038ee3e5
Event: 2916.287 Thread 0x000000005a3c4800 Implicit null exception at 0x0000000004dcc5c0 to 0x0000000004dcfee1
Event: 2960.047 Thread 0x000000005a3c4800 Implicit null exception at 0x0000000004e5cc48 to 0x0000000004e5cc7e
Event: 3301.300 Thread 0x000000005a3c4800 Exception <a 'java/lang/reflect/InvocationTargetException'> (0x00000000f3fd1288) thrown at [C:\re\workspace\8-2-build-windows-amd64-cygwin\jdk8u91\7017\hotspot\src\share\vm\runtime\reflection.cpp, line 1092]

Events (10 events):
Event: 3315.171 Thread 0x00000000565bb000 flushing nmethod 0x0000000004f30650
Event: 3315.171 Thread 0x00000000565bb000 flushing nmethod 0x0000000004f47290
Event: 3315.171 Thread 0x00000000565bb000 flushing nmethod 0x0000000004f4bc90
Event: 3315.171 Thread 0x00000000565bb000 flushing nmethod 0x0000000004f73b10
Event: 3315.172 Thread 0x00000000565bb000 flushing nmethod 0x0000000004fc5250
Event: 3315.172 Thread 0x00000000565bb000 flushing nmethod 0x0000000004fd90d0
Event: 3315.172 Thread 0x00000000565bb000 flushing nmethod 0x0000000004fdca50
Event: 3315.172 Thread 0x00000000565bb000 flushing nmethod 0x0000000004fdd710
Event: 3315.172 Thread 0x00000000565bb000 flushing nmethod 0x0000000004ff28d0
Event: 3315.172 Thread 0x00000000565bb000 flushing nmethod 0x0000000005007390


Dynamic libraries:
0x000000013f3c0000 - 0x000000013f3f7000 	C:\Program Files\Java\jdk1.8.0_91\bin\java.exe
0x0000000076ff0000 - 0x000000007719c000 	C:\Windows\SYSTEM32\ntdll.dll
0x0000000076ed0000 - 0x0000000076fef000 	C:\Windows\system32\kernel32.dll
0x000007fefd2b0000 - 0x000007fefd31c000 	C:\Windows\system32\KERNELBASE.dll
0x000007fefe030000 - 0x000007fefe10b000 	C:\Windows\system32\ADVAPI32.dll
0x000007feff1e0000 - 0x000007feff27f000 	C:\Windows\system32\msvcrt.dll
0x000007fefe110000 - 0x000007fefe12f000 	C:\Windows\SYSTEM32\sechost.dll
0x000007fefdb70000 - 0x000007fefdc9e000 	C:\Windows\system32\RPCRT4.dll
0x0000000076dd0000 - 0x0000000076eca000 	C:\Windows\system32\USER32.dll
0x000007fefd8e0000 - 0x000007fefd947000 	C:\Windows\system32\GDI32.dll
0x000007fefe440000 - 0x000007fefe44e000 	C:\Windows\system32\LPK.dll
0x000007fefdf60000 - 0x000007fefe02a000 	C:\Windows\system32\USP10.dll
0x000007fefb920000 - 0x000007fefbb14000 	C:\Windows\WinSxS\amd64_microsoft.windows.common-controls_6595b64144ccf1df_6.0.7600.16661_none_fa62ad231704eab7\COMCTL32.dll
0x000007fefd440000 - 0x000007fefd4b1000 	C:\Windows\system32\SHLWAPI.dll
0x000007fefd370000 - 0x000007fefd39e000 	C:\Windows\system32\IMM32.DLL
0x000007fefd5f0000 - 0x000007fefd6f9000 	C:\Windows\system32\MSCTF.dll
0x00000000707c0000 - 0x0000000070892000 	C:\Program Files\Java\jdk1.8.0_91\jre\bin\msvcr100.dll
0x000000006c600000 - 0x000000006ce93000 	C:\Program Files\Java\jdk1.8.0_91\jre\bin\server\jvm.dll
0x000007fef34b0000 - 0x000007fef34b9000 	C:\Windows\system32\WSOCK32.dll
0x000007fefdcb0000 - 0x000007fefdcfd000 	C:\Windows\system32\WS2_32.dll
0x000007fefdca0000 - 0x000007fefdca8000 	C:\Windows\system32\NSI.dll
0x000007fef9260000 - 0x000007fef929b000 	C:\Windows\system32\WINMM.dll
0x000007fefc0c0000 - 0x000007fefc0cc000 	C:\Windows\system32\VERSION.dll
0x00000000771c0000 - 0x00000000771c7000 	C:\Windows\system32\PSAPI.DLL
0x0000000073920000 - 0x000000007392f000 	C:\Program Files\Java\jdk1.8.0_91\jre\bin\verify.dll
0x00000000705c0000 - 0x00000000705e9000 	C:\Program Files\Java\jdk1.8.0_91\jre\bin\java.dll
0x0000000073900000 - 0x0000000073916000 	C:\Program Files\Java\jdk1.8.0_91\jre\bin\zip.dll
0x000007fefe450000 - 0x000007feff1d7000 	C:\Windows\system32\SHELL32.dll
0x000007fefe130000 - 0x000007fefe332000 	C:\Windows\system32\ole32.dll
0x000007fefcf50000 - 0x000007fefcf5f000 	C:\Windows\system32\profapi.dll
0x0000000070580000 - 0x000000007059a000 	C:\Program Files\Java\jdk1.8.0_91\jre\bin\net.dll
0x000007fefc780000 - 0x000007fefc7d4000 	C:\Windows\system32\mswsock.dll
0x000007fefc770000 - 0x000007fefc777000 	C:\Windows\System32\wship6.dll
0x0000000070560000 - 0x0000000070571000 	C:\Program Files\Java\jdk1.8.0_91\jre\bin\nio.dll
0x000007fef5e50000 - 0x000007fef5e62000 	D:\gradle-3.3-all\native\19\windows-amd64\native-platform.dll
0x000007fefac40000 - 0x000007fefac67000 	C:\Windows\system32\IPHLPAPI.DLL
0x000007fefac30000 - 0x000007fefac3b000 	C:\Windows\system32\WINNSI.DLL
0x000007fefa9e0000 - 0x000007fefa9f8000 	C:\Windows\system32\dhcpcsvc.DLL
0x000007fefa9c0000 - 0x000007fefa9d1000 	C:\Windows\system32\dhcpcsvc6.DLL
0x000007fefc7e0000 - 0x000007fefc7f7000 	C:\Windows\system32\CRYPTSP.dll
0x000007fefc4e0000 - 0x000007fefc527000 	C:\Windows\system32\rsaenh.dll
0x000007fefc2a0000 - 0x000007fefc2be000 	C:\Windows\system32\USERENV.dll
0x000007fefce80000 - 0x000007fefce8f000 	C:\Windows\system32\CRYPTBASE.dll
0x000007fefce20000 - 0x000007fefce77000 	C:\Windows\system32\apphelp.dll
0x000000006bc00000 - 0x000000006bc0d000 	C:\Program Files\Java\jdk1.8.0_91\jre\bin\management.dll
0x0000000070480000 - 0x00000000704a4000 	C:\Program Files\Java\jdk1.8.0_91\jre\bin\sunec.dll
0x000007fefc190000 - 0x000007fefc197000 	C:\Windows\System32\wshtcpip.dll
0x000007fefc600000 - 0x000007fefc65b000 	C:\Windows\system32\DNSAPI.dll
0x000007fef9870000 - 0x000007fef9878000 	C:\Windows\system32\rasadhlp.dll
0x000007fefab10000 - 0x000007fefab63000 	C:\Windows\System32\fwpuclnt.dll
0x000007fefb300000 - 0x000007fefb315000 	C:\Windows\system32\NLAapi.dll
0x000007fef61c0000 - 0x000007fef61cb000 	C:\Windows\System32\winrnr.dll
0x000007fef61a0000 - 0x000007fef61b5000 	C:\Windows\system32\napinsp.dll
0x000007fef4ee0000 - 0x000007fef4ef9000 	C:\Windows\system32\pnrpnsp.dll

VM Arguments:
jvm_args: -XX:MaxPermSize=256m -XX:+HeapDumpOnOutOfMemoryError -Xmx1024m -Dfile.encoding=windows-1256 -Duser.country=US -Duser.language=en -Duser.variant 
java_command: org.gradle.launcher.daemon.bootstrap.GradleDaemon 2.10
java_class_path (initial): D:\gradle-3.3-all\wrapper\dists\gradle-2.10-all\a4w5fzrkeut1ox71xslb49gst\gradle-2.10\lib\gradle-launcher-2.10.jar
Launcher Type: SUN_STANDARD

Environment Variables:
PATH=E:\OraHome_2\bin;E:\OraHome_2\Mobile\Server\bin;E:\OraHome_1\bin;E:\OraHome_1\Mobile\Server\bin;D:\OraHome_1\bin;D:\OraHome_1\Mobile\Server\bin;D:\OraHome_3\bin;D:\OraHome_3\Mobile\Server\bin;D:\OraHome_2\bin;D:\OraHome_2\Mobile\Server\bin;c:\Windows\system32\WindowsPowershell\v1.0\ ;C:\Program Files\Java\jdk1.8.0_91\bin;
USERNAME=007
OS=Windows_NT
PROCESSOR_IDENTIFIER=Intel64 Family 6 Model 42 Stepping 7, GenuineIntel



---------------  S Y S T E M  ---------------

OS: Windows 7 , 64 bit Build 7600 (6.1.7600.17135)

CPU:total 4 (2 cores per cpu, 2 threads per core) family 6 model 42 stepping 7, cmov, cx8, fxsr, mmx, sse, sse2, sse3, ssse3, sse4.1, sse4.2, popcnt, clmul, ht, tsc, tscinvbit

Memory: 4k page, physical 1967472k(457892k free), swap 4917616k(702200k free)

vm_info: Java HotSpot(TM) 64-Bit Server VM (25.91-b15) for windows-amd64 JRE (1.8.0_91-b15), built on May 20 2016 17:43:15 by "java_re" with MS VC++ 10.0 (VS2010)

time: Mon Aug 21 15:16:51 2017
elapsed time: 3318 seconds (0d 0h 55m 18s)

